   1              		.syntax unified
   2              		.cpu cortex-m3
   3              		.fpu softvfp
   4              		.eabi_attribute 20, 1
   5              		.eabi_attribute 21, 1
   6              		.eabi_attribute 23, 3
   7              		.eabi_attribute 24, 1
   8              		.eabi_attribute 25, 1
   9              		.eabi_attribute 26, 1
  10              		.eabi_attribute 30, 1
  11              		.eabi_attribute 34, 1
  12              		.eabi_attribute 18, 4
  13              		.thumb
  14              		.syntax unified
  15              		.file	"exceptions.c"
  16              		.text
  17              	.Ltext0:
  18              		.cfi_sections	.debug_frame
  19              		.section	.text.Dummy_Handler,"ax",%progbits
  20              		.align	2
  21              		.global	Dummy_Handler
  22              		.thumb
  23              		.thumb_func
  25              	Dummy_Handler:
  26              	.LFB73:
  27              		.file 1 "../src/sam/utils/cmsis/sam3s/source/templates/exceptions.c"
   1:../src/sam/utils/cmsis/sam3s/source/templates/exceptions.c **** /**
   2:../src/sam/utils/cmsis/sam3s/source/templates/exceptions.c ****  * \file
   3:../src/sam/utils/cmsis/sam3s/source/templates/exceptions.c ****  *
   4:../src/sam/utils/cmsis/sam3s/source/templates/exceptions.c ****  * \brief This file contains the default exception handlers.
   5:../src/sam/utils/cmsis/sam3s/source/templates/exceptions.c ****  *
   6:../src/sam/utils/cmsis/sam3s/source/templates/exceptions.c ****  * Copyright (c) 2011-2015 Atmel Corporation. All rights reserved.
   7:../src/sam/utils/cmsis/sam3s/source/templates/exceptions.c ****  *
   8:../src/sam/utils/cmsis/sam3s/source/templates/exceptions.c ****  * \asf_license_start
   9:../src/sam/utils/cmsis/sam3s/source/templates/exceptions.c ****  *
  10:../src/sam/utils/cmsis/sam3s/source/templates/exceptions.c ****  * \page License
  11:../src/sam/utils/cmsis/sam3s/source/templates/exceptions.c ****  *
  12:../src/sam/utils/cmsis/sam3s/source/templates/exceptions.c ****  * Redistribution and use in source and binary forms, with or without
  13:../src/sam/utils/cmsis/sam3s/source/templates/exceptions.c ****  * modification, are permitted provided that the following conditions are met:
  14:../src/sam/utils/cmsis/sam3s/source/templates/exceptions.c ****  *
  15:../src/sam/utils/cmsis/sam3s/source/templates/exceptions.c ****  * 1. Redistributions of source code must retain the above copyright notice,
  16:../src/sam/utils/cmsis/sam3s/source/templates/exceptions.c ****  *    this list of conditions and the following disclaimer.
  17:../src/sam/utils/cmsis/sam3s/source/templates/exceptions.c ****  *
  18:../src/sam/utils/cmsis/sam3s/source/templates/exceptions.c ****  * 2. Redistributions in binary form must reproduce the above copyright notice,
  19:../src/sam/utils/cmsis/sam3s/source/templates/exceptions.c ****  *    this list of conditions and the following disclaimer in the documentation
  20:../src/sam/utils/cmsis/sam3s/source/templates/exceptions.c ****  *    and/or other materials provided with the distribution.
  21:../src/sam/utils/cmsis/sam3s/source/templates/exceptions.c ****  *
  22:../src/sam/utils/cmsis/sam3s/source/templates/exceptions.c ****  * 3. The name of Atmel may not be used to endorse or promote products derived
  23:../src/sam/utils/cmsis/sam3s/source/templates/exceptions.c ****  *    from this software without specific prior written permission.
  24:../src/sam/utils/cmsis/sam3s/source/templates/exceptions.c ****  *
  25:../src/sam/utils/cmsis/sam3s/source/templates/exceptions.c ****  * 4. This software may only be redistributed and used in connection with an
  26:../src/sam/utils/cmsis/sam3s/source/templates/exceptions.c ****  *    Atmel microcontroller product.
  27:../src/sam/utils/cmsis/sam3s/source/templates/exceptions.c ****  *
  28:../src/sam/utils/cmsis/sam3s/source/templates/exceptions.c ****  * THIS SOFTWARE IS PROVIDED BY ATMEL "AS IS" AND ANY EXPRESS OR IMPLIED
  29:../src/sam/utils/cmsis/sam3s/source/templates/exceptions.c ****  * WARRANTIES, INCLUDING, BUT NOT LIMITED TO, THE IMPLIED WARRANTIES OF
  30:../src/sam/utils/cmsis/sam3s/source/templates/exceptions.c ****  * MERCHANTABILITY, FITNESS FOR A PARTICULAR PURPOSE AND NON-INFRINGEMENT ARE
  31:../src/sam/utils/cmsis/sam3s/source/templates/exceptions.c ****  * EXPRESSLY AND SPECIFICALLY DISCLAIMED. IN NO EVENT SHALL ATMEL BE LIABLE FOR
  32:../src/sam/utils/cmsis/sam3s/source/templates/exceptions.c ****  * ANY DIRECT, INDIRECT, INCIDENTAL, SPECIAL, EXEMPLARY, OR CONSEQUENTIAL
  33:../src/sam/utils/cmsis/sam3s/source/templates/exceptions.c ****  * DAMAGES (INCLUDING, BUT NOT LIMITED TO, PROCUREMENT OF SUBSTITUTE GOODS
  34:../src/sam/utils/cmsis/sam3s/source/templates/exceptions.c ****  * OR SERVICES; LOSS OF USE, DATA, OR PROFITS; OR BUSINESS INTERRUPTION)
  35:../src/sam/utils/cmsis/sam3s/source/templates/exceptions.c ****  * HOWEVER CAUSED AND ON ANY THEORY OF LIABILITY, WHETHER IN CONTRACT,
  36:../src/sam/utils/cmsis/sam3s/source/templates/exceptions.c ****  * STRICT LIABILITY, OR TORT (INCLUDING NEGLIGENCE OR OTHERWISE) ARISING IN
  37:../src/sam/utils/cmsis/sam3s/source/templates/exceptions.c ****  * ANY WAY OUT OF THE USE OF THIS SOFTWARE, EVEN IF ADVISED OF THE
  38:../src/sam/utils/cmsis/sam3s/source/templates/exceptions.c ****  * POSSIBILITY OF SUCH DAMAGE.
  39:../src/sam/utils/cmsis/sam3s/source/templates/exceptions.c ****  *
  40:../src/sam/utils/cmsis/sam3s/source/templates/exceptions.c ****  * \asf_license_stop
  41:../src/sam/utils/cmsis/sam3s/source/templates/exceptions.c ****  *
  42:../src/sam/utils/cmsis/sam3s/source/templates/exceptions.c ****  * \par Purpose
  43:../src/sam/utils/cmsis/sam3s/source/templates/exceptions.c ****  *
  44:../src/sam/utils/cmsis/sam3s/source/templates/exceptions.c ****  * This file provides basic support for Cortex-M processor based 
  45:../src/sam/utils/cmsis/sam3s/source/templates/exceptions.c ****  * microcontrollers.
  46:../src/sam/utils/cmsis/sam3s/source/templates/exceptions.c ****  *
  47:../src/sam/utils/cmsis/sam3s/source/templates/exceptions.c ****  * \note
  48:../src/sam/utils/cmsis/sam3s/source/templates/exceptions.c ****  * The exception handler has weak aliases.
  49:../src/sam/utils/cmsis/sam3s/source/templates/exceptions.c ****  * As they are weak aliases, any function with the same name will override
  50:../src/sam/utils/cmsis/sam3s/source/templates/exceptions.c ****  * this definition.
  51:../src/sam/utils/cmsis/sam3s/source/templates/exceptions.c ****  *
  52:../src/sam/utils/cmsis/sam3s/source/templates/exceptions.c ****  */
  53:../src/sam/utils/cmsis/sam3s/source/templates/exceptions.c **** /*
  54:../src/sam/utils/cmsis/sam3s/source/templates/exceptions.c ****  * Support and FAQ: visit <a href="http://www.atmel.com/design-support/">Atmel Support</a>
  55:../src/sam/utils/cmsis/sam3s/source/templates/exceptions.c ****  */
  56:../src/sam/utils/cmsis/sam3s/source/templates/exceptions.c **** 
  57:../src/sam/utils/cmsis/sam3s/source/templates/exceptions.c **** #include "exceptions.h"
  58:../src/sam/utils/cmsis/sam3s/source/templates/exceptions.c **** 
  59:../src/sam/utils/cmsis/sam3s/source/templates/exceptions.c **** /* @cond 0 */
  60:../src/sam/utils/cmsis/sam3s/source/templates/exceptions.c **** /**INDENT-OFF**/
  61:../src/sam/utils/cmsis/sam3s/source/templates/exceptions.c **** #ifdef __cplusplus
  62:../src/sam/utils/cmsis/sam3s/source/templates/exceptions.c **** extern "C" {
  63:../src/sam/utils/cmsis/sam3s/source/templates/exceptions.c **** #endif
  64:../src/sam/utils/cmsis/sam3s/source/templates/exceptions.c **** /**INDENT-ON**/
  65:../src/sam/utils/cmsis/sam3s/source/templates/exceptions.c **** /* @endcond */
  66:../src/sam/utils/cmsis/sam3s/source/templates/exceptions.c **** 
  67:../src/sam/utils/cmsis/sam3s/source/templates/exceptions.c **** #ifdef __GNUC__
  68:../src/sam/utils/cmsis/sam3s/source/templates/exceptions.c **** /* Cortex-M3 core handlers */
  69:../src/sam/utils/cmsis/sam3s/source/templates/exceptions.c **** void Reset_Handler(void) __attribute__ ((weak, alias("Dummy_Handler")));
  70:../src/sam/utils/cmsis/sam3s/source/templates/exceptions.c **** void NMI_Handler(void) __attribute__ ((weak, alias("Dummy_Handler")));
  71:../src/sam/utils/cmsis/sam3s/source/templates/exceptions.c **** void HardFault_Handler(void) __attribute__ ((weak, alias("Dummy_Handler")));
  72:../src/sam/utils/cmsis/sam3s/source/templates/exceptions.c **** void MemManage_Handler(void) __attribute__ ((weak, alias("Dummy_Handler")));
  73:../src/sam/utils/cmsis/sam3s/source/templates/exceptions.c **** void BusFault_Handler(void) __attribute__ ((weak, alias("Dummy_Handler")));
  74:../src/sam/utils/cmsis/sam3s/source/templates/exceptions.c **** void UsageFault_Handler(void) __attribute__ ((weak, alias("Dummy_Handler")));
  75:../src/sam/utils/cmsis/sam3s/source/templates/exceptions.c **** void SVC_Handler(void) __attribute__ ((weak, alias("Dummy_Handler")));
  76:../src/sam/utils/cmsis/sam3s/source/templates/exceptions.c **** void DebugMon_Handler(void) __attribute__ ((weak, alias("Dummy_Handler")));
  77:../src/sam/utils/cmsis/sam3s/source/templates/exceptions.c **** void PendSV_Handler(void) __attribute__ ((weak, alias("Dummy_Handler")));
  78:../src/sam/utils/cmsis/sam3s/source/templates/exceptions.c **** void SysTick_Handler(void) __attribute__ ((weak, alias("Dummy_Handler")));
  79:../src/sam/utils/cmsis/sam3s/source/templates/exceptions.c **** 
  80:../src/sam/utils/cmsis/sam3s/source/templates/exceptions.c **** /* Peripherals handlers */
  81:../src/sam/utils/cmsis/sam3s/source/templates/exceptions.c **** void ACC_Handler(void) __attribute__ ((weak, alias("Dummy_Handler")));
  82:../src/sam/utils/cmsis/sam3s/source/templates/exceptions.c **** void ADC_Handler(void) __attribute__ ((weak, alias("Dummy_Handler")));
  83:../src/sam/utils/cmsis/sam3s/source/templates/exceptions.c **** void CRCCU_Handler(void) __attribute__ ((weak, alias("Dummy_Handler")));
  84:../src/sam/utils/cmsis/sam3s/source/templates/exceptions.c **** #ifdef ID_DACC
  85:../src/sam/utils/cmsis/sam3s/source/templates/exceptions.c **** void DACC_Handler(void) __attribute__ ((weak, alias("Dummy_Handler")));
  86:../src/sam/utils/cmsis/sam3s/source/templates/exceptions.c **** #endif
  87:../src/sam/utils/cmsis/sam3s/source/templates/exceptions.c **** void EFC_Handler(void) __attribute__ ((weak, alias("Dummy_Handler")));
  88:../src/sam/utils/cmsis/sam3s/source/templates/exceptions.c **** #ifdef ID_HSMCI
  89:../src/sam/utils/cmsis/sam3s/source/templates/exceptions.c **** void HSMCI_Handler(void) __attribute__ ((weak, alias("Dummy_Handler")));
  90:../src/sam/utils/cmsis/sam3s/source/templates/exceptions.c **** #endif
  91:../src/sam/utils/cmsis/sam3s/source/templates/exceptions.c **** void PIOA_Handler(void) __attribute__ ((weak, alias("Dummy_Handler")));
  92:../src/sam/utils/cmsis/sam3s/source/templates/exceptions.c **** void PIOB_Handler(void) __attribute__ ((weak, alias("Dummy_Handler")));
  93:../src/sam/utils/cmsis/sam3s/source/templates/exceptions.c **** #ifdef ID_PIOC
  94:../src/sam/utils/cmsis/sam3s/source/templates/exceptions.c **** void PIOC_Handler(void) __attribute__ ((weak, alias("Dummy_Handler")));
  95:../src/sam/utils/cmsis/sam3s/source/templates/exceptions.c **** #endif
  96:../src/sam/utils/cmsis/sam3s/source/templates/exceptions.c **** void PMC_Handler(void) __attribute__ ((weak, alias("Dummy_Handler")));
  97:../src/sam/utils/cmsis/sam3s/source/templates/exceptions.c **** void PWM_Handler(void) __attribute__ ((weak, alias("Dummy_Handler")));
  98:../src/sam/utils/cmsis/sam3s/source/templates/exceptions.c **** void RSTC_Handler(void) __attribute__ ((weak, alias("Dummy_Handler")));
  99:../src/sam/utils/cmsis/sam3s/source/templates/exceptions.c **** void RTC_Handler(void) __attribute__ ((weak, alias("Dummy_Handler")));
 100:../src/sam/utils/cmsis/sam3s/source/templates/exceptions.c **** void RTT_Handler(void) __attribute__ ((weak, alias("Dummy_Handler")));
 101:../src/sam/utils/cmsis/sam3s/source/templates/exceptions.c **** #ifdef ID_SMC
 102:../src/sam/utils/cmsis/sam3s/source/templates/exceptions.c **** void SMC_Handler(void) __attribute__ ((weak, alias("Dummy_Handler")));
 103:../src/sam/utils/cmsis/sam3s/source/templates/exceptions.c **** #endif
 104:../src/sam/utils/cmsis/sam3s/source/templates/exceptions.c **** void SPI_Handler(void) __attribute__ ((weak, alias("Dummy_Handler")));
 105:../src/sam/utils/cmsis/sam3s/source/templates/exceptions.c **** void SSC_Handler(void) __attribute__ ((weak, alias("Dummy_Handler")));
 106:../src/sam/utils/cmsis/sam3s/source/templates/exceptions.c **** void SUPC_Handler(void) __attribute__ ((weak, alias("Dummy_Handler")));
 107:../src/sam/utils/cmsis/sam3s/source/templates/exceptions.c **** void TC0_Handler(void) __attribute__ ((weak, alias("Dummy_Handler")));
 108:../src/sam/utils/cmsis/sam3s/source/templates/exceptions.c **** void TC1_Handler(void) __attribute__ ((weak, alias("Dummy_Handler")));
 109:../src/sam/utils/cmsis/sam3s/source/templates/exceptions.c **** void TC2_Handler(void) __attribute__ ((weak, alias("Dummy_Handler")));
 110:../src/sam/utils/cmsis/sam3s/source/templates/exceptions.c **** #ifdef ID_TC3
 111:../src/sam/utils/cmsis/sam3s/source/templates/exceptions.c **** void TC3_Handler(void) __attribute__ ((weak, alias("Dummy_Handler")));
 112:../src/sam/utils/cmsis/sam3s/source/templates/exceptions.c **** #endif
 113:../src/sam/utils/cmsis/sam3s/source/templates/exceptions.c **** #ifdef ID_TC4
 114:../src/sam/utils/cmsis/sam3s/source/templates/exceptions.c **** void TC4_Handler(void) __attribute__ ((weak, alias("Dummy_Handler")));
 115:../src/sam/utils/cmsis/sam3s/source/templates/exceptions.c **** #endif
 116:../src/sam/utils/cmsis/sam3s/source/templates/exceptions.c **** #ifdef ID_TC5
 117:../src/sam/utils/cmsis/sam3s/source/templates/exceptions.c **** void TC5_Handler(void) __attribute__ ((weak, alias("Dummy_Handler")));
 118:../src/sam/utils/cmsis/sam3s/source/templates/exceptions.c **** #endif
 119:../src/sam/utils/cmsis/sam3s/source/templates/exceptions.c **** void TWI0_Handler(void) __attribute__ ((weak, alias("Dummy_Handler")));
 120:../src/sam/utils/cmsis/sam3s/source/templates/exceptions.c **** void TWI1_Handler(void) __attribute__ ((weak, alias("Dummy_Handler")));
 121:../src/sam/utils/cmsis/sam3s/source/templates/exceptions.c **** void UART0_Handler(void) __attribute__ ((weak, alias("Dummy_Handler")));
 122:../src/sam/utils/cmsis/sam3s/source/templates/exceptions.c **** void UART1_Handler(void) __attribute__ ((weak, alias("Dummy_Handler")));
 123:../src/sam/utils/cmsis/sam3s/source/templates/exceptions.c **** void USART0_Handler(void) __attribute__ ((weak, alias("Dummy_Handler")));
 124:../src/sam/utils/cmsis/sam3s/source/templates/exceptions.c **** #ifdef ID_USART1
 125:../src/sam/utils/cmsis/sam3s/source/templates/exceptions.c **** void USART1_Handler(void) __attribute__ ((weak, alias("Dummy_Handler")));
 126:../src/sam/utils/cmsis/sam3s/source/templates/exceptions.c **** #endif
 127:../src/sam/utils/cmsis/sam3s/source/templates/exceptions.c **** void UDP_Handler(void) __attribute__ ((weak, alias("Dummy_Handler")));
 128:../src/sam/utils/cmsis/sam3s/source/templates/exceptions.c **** void WDT_Handler(void) __attribute__ ((weak, alias("Dummy_Handler")));
 129:../src/sam/utils/cmsis/sam3s/source/templates/exceptions.c **** #endif /* __GNUC__ */
 130:../src/sam/utils/cmsis/sam3s/source/templates/exceptions.c **** 
 131:../src/sam/utils/cmsis/sam3s/source/templates/exceptions.c **** #ifdef __ICCARM__
 132:../src/sam/utils/cmsis/sam3s/source/templates/exceptions.c **** /* Cortex-M3 core handlers */
 133:../src/sam/utils/cmsis/sam3s/source/templates/exceptions.c **** #pragma weak Reset_Handler=Dummy_Handler
 134:../src/sam/utils/cmsis/sam3s/source/templates/exceptions.c **** #pragma weak NMI_Handler=Dummy_Handler
 135:../src/sam/utils/cmsis/sam3s/source/templates/exceptions.c **** #pragma weak HardFault_Handler=Dummy_Handler
 136:../src/sam/utils/cmsis/sam3s/source/templates/exceptions.c **** #pragma weak MemManage_Handler=Dummy_Handler
 137:../src/sam/utils/cmsis/sam3s/source/templates/exceptions.c **** #pragma weak BusFault_Handler=Dummy_Handler
 138:../src/sam/utils/cmsis/sam3s/source/templates/exceptions.c **** #pragma weak UsageFault_Handler=Dummy_Handler
 139:../src/sam/utils/cmsis/sam3s/source/templates/exceptions.c **** #pragma weak SVC_Handler=Dummy_Handler
 140:../src/sam/utils/cmsis/sam3s/source/templates/exceptions.c **** #pragma weak DebugMon_Handler=Dummy_Handler
 141:../src/sam/utils/cmsis/sam3s/source/templates/exceptions.c **** #pragma weak PendSV_Handler=Dummy_Handler
 142:../src/sam/utils/cmsis/sam3s/source/templates/exceptions.c **** #pragma weak SysTick_Handler=Dummy_Handler
 143:../src/sam/utils/cmsis/sam3s/source/templates/exceptions.c **** 
 144:../src/sam/utils/cmsis/sam3s/source/templates/exceptions.c **** /* Peripherals handlers */
 145:../src/sam/utils/cmsis/sam3s/source/templates/exceptions.c **** #pragma weak ACC_Handler=Dummy_Handler
 146:../src/sam/utils/cmsis/sam3s/source/templates/exceptions.c **** #pragma weak ADC_Handler=Dummy_Handler
 147:../src/sam/utils/cmsis/sam3s/source/templates/exceptions.c **** #pragma weak CRCCU_Handler=Dummy_Handler
 148:../src/sam/utils/cmsis/sam3s/source/templates/exceptions.c **** #ifdef ID_DACC
 149:../src/sam/utils/cmsis/sam3s/source/templates/exceptions.c **** #pragma weak DACC_Handler=Dummy_Handler
 150:../src/sam/utils/cmsis/sam3s/source/templates/exceptions.c **** #endif
 151:../src/sam/utils/cmsis/sam3s/source/templates/exceptions.c **** #pragma weak EFC_Handler=Dummy_Handler
 152:../src/sam/utils/cmsis/sam3s/source/templates/exceptions.c **** #ifdef ID_HSMCI
 153:../src/sam/utils/cmsis/sam3s/source/templates/exceptions.c **** #pragma weak HSMCI_Handler=Dummy_Handler
 154:../src/sam/utils/cmsis/sam3s/source/templates/exceptions.c **** #endif
 155:../src/sam/utils/cmsis/sam3s/source/templates/exceptions.c **** #pragma weak PIOA_Handler=Dummy_Handler
 156:../src/sam/utils/cmsis/sam3s/source/templates/exceptions.c **** #pragma weak PIOB_Handler=Dummy_Handler
 157:../src/sam/utils/cmsis/sam3s/source/templates/exceptions.c **** #ifdef ID_PIOC
 158:../src/sam/utils/cmsis/sam3s/source/templates/exceptions.c **** #pragma weak PIOC_Handler=Dummy_Handler
 159:../src/sam/utils/cmsis/sam3s/source/templates/exceptions.c **** #endif
 160:../src/sam/utils/cmsis/sam3s/source/templates/exceptions.c **** #pragma weak PMC_Handler=Dummy_Handler
 161:../src/sam/utils/cmsis/sam3s/source/templates/exceptions.c **** #pragma weak PWM_Handler=Dummy_Handler
 162:../src/sam/utils/cmsis/sam3s/source/templates/exceptions.c **** #pragma weak RSTC_Handler=Dummy_Handler
 163:../src/sam/utils/cmsis/sam3s/source/templates/exceptions.c **** #pragma weak RTC_Handler=Dummy_Handler
 164:../src/sam/utils/cmsis/sam3s/source/templates/exceptions.c **** #pragma weak RTT_Handler=Dummy_Handler
 165:../src/sam/utils/cmsis/sam3s/source/templates/exceptions.c **** #ifdef ID_SMC
 166:../src/sam/utils/cmsis/sam3s/source/templates/exceptions.c **** #pragma weak SMC_Handler=Dummy_Handler
 167:../src/sam/utils/cmsis/sam3s/source/templates/exceptions.c **** #endif
 168:../src/sam/utils/cmsis/sam3s/source/templates/exceptions.c **** #pragma weak SPI_Handler=Dummy_Handler
 169:../src/sam/utils/cmsis/sam3s/source/templates/exceptions.c **** #pragma weak SSC_Handler=Dummy_Handler
 170:../src/sam/utils/cmsis/sam3s/source/templates/exceptions.c **** #pragma weak SUPC_Handler=Dummy_Handler
 171:../src/sam/utils/cmsis/sam3s/source/templates/exceptions.c **** #pragma weak TC0_Handler=Dummy_Handler
 172:../src/sam/utils/cmsis/sam3s/source/templates/exceptions.c **** #pragma weak TC1_Handler=Dummy_Handler
 173:../src/sam/utils/cmsis/sam3s/source/templates/exceptions.c **** #pragma weak TC2_Handler=Dummy_Handler
 174:../src/sam/utils/cmsis/sam3s/source/templates/exceptions.c **** #ifdef ID_TC3
 175:../src/sam/utils/cmsis/sam3s/source/templates/exceptions.c **** #pragma weak TC3_Handler=Dummy_Handler
 176:../src/sam/utils/cmsis/sam3s/source/templates/exceptions.c **** #endif
 177:../src/sam/utils/cmsis/sam3s/source/templates/exceptions.c **** #ifdef ID_TC4
 178:../src/sam/utils/cmsis/sam3s/source/templates/exceptions.c **** #pragma weak TC4_Handler=Dummy_Handler
 179:../src/sam/utils/cmsis/sam3s/source/templates/exceptions.c **** #endif
 180:../src/sam/utils/cmsis/sam3s/source/templates/exceptions.c **** #ifdef ID_TC5
 181:../src/sam/utils/cmsis/sam3s/source/templates/exceptions.c **** #pragma weak TC5_Handler=Dummy_Handler
 182:../src/sam/utils/cmsis/sam3s/source/templates/exceptions.c **** #endif
 183:../src/sam/utils/cmsis/sam3s/source/templates/exceptions.c **** #pragma weak TWI0_Handler=Dummy_Handler
 184:../src/sam/utils/cmsis/sam3s/source/templates/exceptions.c **** #pragma weak TWI1_Handler=Dummy_Handler
 185:../src/sam/utils/cmsis/sam3s/source/templates/exceptions.c **** #pragma weak UART0_Handler=Dummy_Handler
 186:../src/sam/utils/cmsis/sam3s/source/templates/exceptions.c **** #pragma weak UART1_Handler=Dummy_Handler
 187:../src/sam/utils/cmsis/sam3s/source/templates/exceptions.c **** #pragma weak USART0_Handler=Dummy_Handler
 188:../src/sam/utils/cmsis/sam3s/source/templates/exceptions.c **** #ifdef ID_USART1
 189:../src/sam/utils/cmsis/sam3s/source/templates/exceptions.c **** #pragma weak USART1_Handler=Dummy_Handler
 190:../src/sam/utils/cmsis/sam3s/source/templates/exceptions.c **** #endif
 191:../src/sam/utils/cmsis/sam3s/source/templates/exceptions.c **** #pragma weak UDP_Handler=Dummy_Handler
 192:../src/sam/utils/cmsis/sam3s/source/templates/exceptions.c **** #pragma weak WDT_Handler=Dummy_Handler
 193:../src/sam/utils/cmsis/sam3s/source/templates/exceptions.c **** #endif /* __ICCARM__ */
 194:../src/sam/utils/cmsis/sam3s/source/templates/exceptions.c **** 
 195:../src/sam/utils/cmsis/sam3s/source/templates/exceptions.c **** /**
 196:../src/sam/utils/cmsis/sam3s/source/templates/exceptions.c ****  * \brief Default interrupt handler for unused IRQs.
 197:../src/sam/utils/cmsis/sam3s/source/templates/exceptions.c ****  */
 198:../src/sam/utils/cmsis/sam3s/source/templates/exceptions.c **** void Dummy_Handler(void)
 199:../src/sam/utils/cmsis/sam3s/source/templates/exceptions.c **** {
  28              		.loc 1 199 0
  29              		.cfi_startproc
  30              		@ Volatile: function does not return.
  31              		@ args = 0, pretend = 0, frame = 0
  32              		@ frame_needed = 0, uses_anonymous_args = 0
  33              		@ link register save eliminated.
  34              	.L2:
  35 0000 FEE7     		b	.L2
  36              		.cfi_endproc
  37              	.LFE73:
  39              		.weak	WDT_Handler
  40              		.thumb_set WDT_Handler,Dummy_Handler
  41              		.weak	UDP_Handler
  42              		.thumb_set UDP_Handler,Dummy_Handler
  43              		.weak	USART1_Handler
  44              		.thumb_set USART1_Handler,Dummy_Handler
  45              		.weak	USART0_Handler
  46              		.thumb_set USART0_Handler,Dummy_Handler
  47              		.weak	UART1_Handler
  48              		.thumb_set UART1_Handler,Dummy_Handler
  49              		.weak	UART0_Handler
  50              		.thumb_set UART0_Handler,Dummy_Handler
  51              		.weak	TWI1_Handler
  52              		.thumb_set TWI1_Handler,Dummy_Handler
  53              		.weak	TWI0_Handler
  54              		.thumb_set TWI0_Handler,Dummy_Handler
  55              		.weak	TC2_Handler
  56              		.thumb_set TC2_Handler,Dummy_Handler
  57              		.weak	TC1_Handler
  58              		.thumb_set TC1_Handler,Dummy_Handler
  59              		.weak	TC0_Handler
  60              		.thumb_set TC0_Handler,Dummy_Handler
  61              		.weak	SUPC_Handler
  62              		.thumb_set SUPC_Handler,Dummy_Handler
  63              		.weak	SSC_Handler
  64              		.thumb_set SSC_Handler,Dummy_Handler
  65              		.weak	SPI_Handler
  66              		.thumb_set SPI_Handler,Dummy_Handler
  67              		.weak	RTT_Handler
  68              		.thumb_set RTT_Handler,Dummy_Handler
  69              		.weak	RTC_Handler
  70              		.thumb_set RTC_Handler,Dummy_Handler
  71              		.weak	RSTC_Handler
  72              		.thumb_set RSTC_Handler,Dummy_Handler
  73              		.weak	PWM_Handler
  74              		.thumb_set PWM_Handler,Dummy_Handler
  75              		.weak	PMC_Handler
  76              		.thumb_set PMC_Handler,Dummy_Handler
  77              		.weak	PIOB_Handler
  78              		.thumb_set PIOB_Handler,Dummy_Handler
  79              		.weak	PIOA_Handler
  80              		.thumb_set PIOA_Handler,Dummy_Handler
  81              		.weak	HSMCI_Handler
  82              		.thumb_set HSMCI_Handler,Dummy_Handler
  83              		.weak	EFC_Handler
  84              		.thumb_set EFC_Handler,Dummy_Handler
  85              		.weak	DACC_Handler
  86              		.thumb_set DACC_Handler,Dummy_Handler
  87              		.weak	CRCCU_Handler
  88              		.thumb_set CRCCU_Handler,Dummy_Handler
  89              		.weak	ADC_Handler
  90              		.thumb_set ADC_Handler,Dummy_Handler
  91              		.weak	ACC_Handler
  92              		.thumb_set ACC_Handler,Dummy_Handler
  93              		.weak	SysTick_Handler
  94              		.thumb_set SysTick_Handler,Dummy_Handler
  95              		.weak	PendSV_Handler
  96              		.thumb_set PendSV_Handler,Dummy_Handler
  97              		.weak	DebugMon_Handler
  98              		.thumb_set DebugMon_Handler,Dummy_Handler
  99              		.weak	SVC_Handler
 100              		.thumb_set SVC_Handler,Dummy_Handler
 101              		.weak	UsageFault_Handler
 102              		.thumb_set UsageFault_Handler,Dummy_Handler
 103              		.weak	BusFault_Handler
 104              		.thumb_set BusFault_Handler,Dummy_Handler
 105              		.weak	MemManage_Handler
 106              		.thumb_set MemManage_Handler,Dummy_Handler
 107              		.weak	HardFault_Handler
 108              		.thumb_set HardFault_Handler,Dummy_Handler
 109              		.weak	NMI_Handler
 110              		.thumb_set NMI_Handler,Dummy_Handler
 111              		.weak	Reset_Handler
 112              		.thumb_set Reset_Handler,Dummy_Handler
 113 0002 00BF     		.section	.bss.cpu_irq_critical_section_counter,"aw",%nobits
 114              		.align	2
 117              	cpu_irq_critical_section_counter:
 118 0000 00000000 		.space	4
 119              		.section	.bss.cpu_irq_prev_interrupt_state,"aw",%nobits
 122              	cpu_irq_prev_interrupt_state:
 123 0000 00       		.space	1
 124              		.text
 125              	.Letext0:
 126              		.file 2 "/usr/local/gcc-arm-none-eabi-5_2-2015q4/arm-none-eabi/include/machine/_default_types.h"
 127              		.file 3 "/usr/local/gcc-arm-none-eabi-5_2-2015q4/arm-none-eabi/include/sys/_stdint.h"
 128              		.file 4 "/home/bekeband/workspace/OLIMEX_Start/src/interrupt/interrupt_sam_nvic.h"
 129              		.file 5 "/home/bekeband/workspace/OLIMEX_Start/src/core_cm3.h"
DEFINED SYMBOLS
                            *ABS*:00000000 exceptions.c
     /tmp/ccauUcsR.s:20     .text.Dummy_Handler:00000000 $t
     /tmp/ccauUcsR.s:25     .text.Dummy_Handler:00000000 Dummy_Handler
     /tmp/ccauUcsR.s:25     .text.Dummy_Handler:00000000 WDT_Handler
     /tmp/ccauUcsR.s:25     .text.Dummy_Handler:00000000 UDP_Handler
     /tmp/ccauUcsR.s:25     .text.Dummy_Handler:00000000 USART1_Handler
     /tmp/ccauUcsR.s:25     .text.Dummy_Handler:00000000 USART0_Handler
     /tmp/ccauUcsR.s:25     .text.Dummy_Handler:00000000 UART1_Handler
     /tmp/ccauUcsR.s:25     .text.Dummy_Handler:00000000 UART0_Handler
     /tmp/ccauUcsR.s:25     .text.Dummy_Handler:00000000 TWI1_Handler
     /tmp/ccauUcsR.s:25     .text.Dummy_Handler:00000000 TWI0_Handler
     /tmp/ccauUcsR.s:25     .text.Dummy_Handler:00000000 TC2_Handler
     /tmp/ccauUcsR.s:25     .text.Dummy_Handler:00000000 TC1_Handler
     /tmp/ccauUcsR.s:25     .text.Dummy_Handler:00000000 TC0_Handler
     /tmp/ccauUcsR.s:25     .text.Dummy_Handler:00000000 SUPC_Handler
     /tmp/ccauUcsR.s:25     .text.Dummy_Handler:00000000 SSC_Handler
     /tmp/ccauUcsR.s:25     .text.Dummy_Handler:00000000 SPI_Handler
     /tmp/ccauUcsR.s:25     .text.Dummy_Handler:00000000 RTT_Handler
     /tmp/ccauUcsR.s:25     .text.Dummy_Handler:00000000 RTC_Handler
     /tmp/ccauUcsR.s:25     .text.Dummy_Handler:00000000 RSTC_Handler
     /tmp/ccauUcsR.s:25     .text.Dummy_Handler:00000000 PWM_Handler
     /tmp/ccauUcsR.s:25     .text.Dummy_Handler:00000000 PMC_Handler
     /tmp/ccauUcsR.s:25     .text.Dummy_Handler:00000000 PIOB_Handler
     /tmp/ccauUcsR.s:25     .text.Dummy_Handler:00000000 PIOA_Handler
     /tmp/ccauUcsR.s:25     .text.Dummy_Handler:00000000 HSMCI_Handler
     /tmp/ccauUcsR.s:25     .text.Dummy_Handler:00000000 EFC_Handler
     /tmp/ccauUcsR.s:25     .text.Dummy_Handler:00000000 DACC_Handler
     /tmp/ccauUcsR.s:25     .text.Dummy_Handler:00000000 CRCCU_Handler
     /tmp/ccauUcsR.s:25     .text.Dummy_Handler:00000000 ADC_Handler
     /tmp/ccauUcsR.s:25     .text.Dummy_Handler:00000000 ACC_Handler
     /tmp/ccauUcsR.s:25     .text.Dummy_Handler:00000000 SysTick_Handler
     /tmp/ccauUcsR.s:25     .text.Dummy_Handler:00000000 PendSV_Handler
     /tmp/ccauUcsR.s:25     .text.Dummy_Handler:00000000 DebugMon_Handler
     /tmp/ccauUcsR.s:25     .text.Dummy_Handler:00000000 SVC_Handler
     /tmp/ccauUcsR.s:25     .text.Dummy_Handler:00000000 UsageFault_Handler
     /tmp/ccauUcsR.s:25     .text.Dummy_Handler:00000000 BusFault_Handler
     /tmp/ccauUcsR.s:25     .text.Dummy_Handler:00000000 MemManage_Handler
     /tmp/ccauUcsR.s:25     .text.Dummy_Handler:00000000 HardFault_Handler
     /tmp/ccauUcsR.s:25     .text.Dummy_Handler:00000000 NMI_Handler
     /tmp/ccauUcsR.s:25     .text.Dummy_Handler:00000000 Reset_Handler
     /tmp/ccauUcsR.s:114    .bss.cpu_irq_critical_section_counter:00000000 $d
     /tmp/ccauUcsR.s:117    .bss.cpu_irq_critical_section_counter:00000000 cpu_irq_critical_section_counter
     /tmp/ccauUcsR.s:122    .bss.cpu_irq_prev_interrupt_state:00000000 cpu_irq_prev_interrupt_state
     /tmp/ccauUcsR.s:123    .bss.cpu_irq_prev_interrupt_state:00000000 $d
                     .debug_frame:00000010 $d
                           .group:00000000 wm4.0.22b0b12aa5a71f1d303bb4102a500f20
                           .group:00000000 wm4.features.h.22.2e382148a0560adabf236cddd4e880f4
                           .group:00000000 wm4._default_types.h.15.933e8edd27a65e0b69af4a865eb623d2
                           .group:00000000 wm4._intsup.h.10.b82bf99f69d6a5c085fc866de0d3eb9b
                           .group:00000000 wm4._stdint.h.10.f76354baea1c7088202064e6f3d4f5e3
                           .group:00000000 wm4.stdint.h.23.373a9d32a9e4c2e88fd347156532d281
                           .group:00000000 wm4.sam3s4b.h.226.24ac70e3db261e60e9d210f1232ad825
                           .group:00000000 wm4.core_cm3.h.43.614605f47657df9251f3b3f57590a49a
                           .group:00000000 wm4.core_cmInstr.h.39.53f0cdf363d7ba01993152fdcb6be5d3
                           .group:00000000 wm4.core_cm3.h.160.e022dd848961f928eab0fbd8650d106b
                           .group:00000000 wm4.stddef.h.39.a38874c8f8a57e66301090908ec2a69f
                           .group:00000000 wm4.parts.h.48.e0e2ea619afac603c89fe3ed31aee15f
                           .group:00000000 wm4.tpaste.h.48.b41cf557065b1d02756f7dcff09d49b9
                           .group:00000000 wm4.stringz.h.48.ed3117824abe39c5e1281f5c5c443171
                           .group:00000000 wm4.mrepeat.h.62.d4f39ef966b631e185fbb702f9b80ecc
                           .group:00000000 wm4.newlib.h.8.2702bca278809460f0af6fba1d84eb68
                           .group:00000000 wm4.config.h.220.a09b0b0de3c25be3f39d71990e617bff
                           .group:00000000 wm4._ansi.h.23.9f8fcfa20193763fcf364fb91705c94b
                           .group:00000000 wm4.stdio.h.31.7c0e28c411445f3f9c5b11accf882760
                           .group:00000000 wm4.stddef.h.161.19e15733342b50ead2919490b095303e
                           .group:00000000 wm4.cdefs.h.47.f5f8300e4d8e4fd74800d02abaf0cc79
                           .group:00000000 wm4.stdarg.h.34.3a23a216c0c293b3d2ea2e89281481e6
                           .group:00000000 wm4.lock.h.2.9bc98482741e5e2a9450b12934a684ea
                           .group:00000000 wm4._types.h.54.d3d34a3b7f3cc230cd159baf022b4b08
                           .group:00000000 wm4.stddef.h.161.5349cb105733e8777bfb0cf53c4e3f34
                           .group:00000000 wm4.reent.h.17.850ac0a908956e5fb788be1b80de2f32
                           .group:00000000 wm4.types.h.24.b2be5f53932a9c9d07787288b29b6d75
                           .group:00000000 wm4.types.h.2.e9cec8c90ab35f77d9f499e06ae02400
                           .group:00000000 wm4._timeval.h.30.81d73a3eee9df6c17d94febfd4f5f751
                           .group:00000000 wm4.timespec.h.41.d855182eb0e690443ab8651bcedca6e1
                           .group:00000000 wm4.select.h.31.43869e1a2488877c4cd47d2792524430
                           .group:00000000 wm4.types.h.91.482c289990230376cfd504a2907d47e7
                           .group:00000000 wm4.stdio.h.2.4aa87247282eca6c8f36f9de33d8df1a
                           .group:00000000 wm4.stdio.h.68.a99a2db1e55915cfd1b035cc1e9fcff1
                           .group:00000000 wm4.stdbool.h.29.07dce69c3b78884144b7f7bd19483461
                           .group:00000000 wm4.stdlib.h.13.4ed386f5c1a80d71e72172885d946ef2
                           .group:00000000 wm4.alloca.h.8.dfc0c703c47ec3e69746825b17d9e66d
                           .group:00000000 wm4.stdlib.h.54.8f3036bd0ed314ae051372ccc1fe8f02
                           .group:00000000 wm4.compiler.h.91.eeb6296462f96c51e8e0205ed94a5b09
                           .group:00000000 wm4.interrupt_sam_nvic.h.87.7318b5cea98f92eae635f227bdfd3e60
                           .group:00000000 wm4.compiler.h.430.149e09620daad34df46237982e03ccfa
                           .group:00000000 wm4.component_acc.h.46.865c75bb2e3a9d4f38652271e089b5c8
                           .group:00000000 wm4.component_adc.h.46.52ba0aeb0af22cb1f1d91b64dde93956
                           .group:00000000 wm4.component_chipid.h.46.43a273f46f4c32081dfee459ad8862da
                           .group:00000000 wm4.component_crccu.h.46.3d5d84ebcceb8af0782dcb99da35d7d0
                           .group:00000000 wm4.component_dacc.h.46.9b850907590bd31997b006351cf81000
                           .group:00000000 wm4.component_efc.h.46.5a9ec99498daf6c49989fb6d077d312d
                           .group:00000000 wm4.component_gpbr.h.46.1788b80e501f9df943793fa21cfbbe21
                           .group:00000000 wm4.component_hsmci.h.46.2dc64c4ca9a764fbaa2fd4fd1541de68
                           .group:00000000 wm4.component_matrix.h.46.2f4d70bb97c9923e855a3d0c5f56d95e
                           .group:00000000 wm4.component_pdc.h.46.dfd3350dd71c534e17334339feb77f7c
                           .group:00000000 wm4.component_pio.h.46.dc6628e5aa2d62d441a2f9edf013a75a
                           .group:00000000 wm4.component_pmc.h.46.3a13206d3ecf2f1946cf88c02281a26b
                           .group:00000000 wm4.component_pwm.h.46.89366ac40583cd8cd91a5fed13cff02c
                           .group:00000000 wm4.component_rstc.h.46.ef0fbefe4bc03f652c9f4a03bfd1ef46
                           .group:00000000 wm4.component_rtc.h.46.cb1a84d0ff4d043a12d4d2139109e615
                           .group:00000000 wm4.component_rtt.h.46.e35d95fd2652721ab93a68f868a14334
                           .group:00000000 wm4.component_spi.h.46.fbe616cc22048ae3dbe0157a75a200d2
                           .group:00000000 wm4.component_ssc.h.46.bf814ca321f25fab9ac26489e1dec9f0
                           .group:00000000 wm4.component_supc.h.46.013b2a48420cc402d8153de678272576
                           .group:00000000 wm4.component_tc.h.46.8ee6425921e5bd880a2aabd4ecd71522
                           .group:00000000 wm4.component_twi.h.46.1b26436f50ce08e4cbf79a4fdffbcc40
                           .group:00000000 wm4.component_uart.h.46.2ec10b01d23d880667901e3e18729356
                           .group:00000000 wm4.component_udp.h.46.817a2ee6a2f80ac39e7bfbe0ff852001
                           .group:00000000 wm4.component_usart.h.46.e73badf8b79b1144a5e58ae3c7f99afd
                           .group:00000000 wm4.component_wdt.h.46.9058aedbbe8c7f88e4bce28490af6b23
                           .group:00000000 wm4.instance_hsmci.h.46.0921b488c345ac98ef3ba7ad69508825
                           .group:00000000 wm4.instance_ssc.h.46.eebd23f2ef145a585a82c5cef060c7ea
                           .group:00000000 wm4.instance_spi.h.46.26621c46b178e9ca6762bb17a24ec410
                           .group:00000000 wm4.instance_tc0.h.46.ead4b45558da2f42ca95730d1beaaa00
                           .group:00000000 wm4.instance_twi0.h.46.cb546cfb1d37706d80f563947a14da44
                           .group:00000000 wm4.instance_twi1.h.46.5f1af4ccf4d6b33c96c4e388359796ac
                           .group:00000000 wm4.instance_pwm.h.46.76f280edd0f8b1bfcce61f4d903d0259
                           .group:00000000 wm4.instance_usart0.h.46.3c469d2b920fd3e12092b7294ca82da9
                           .group:00000000 wm4.instance_usart1.h.46.398f0294bdd8277ea274c7a419e95901
                           .group:00000000 wm4.instance_udp.h.46.40973cfe8c89095098371468c1887576
                           .group:00000000 wm4.instance_adc.h.46.63258f34d0c27b11736611a7b2b2f27b
                           .group:00000000 wm4.instance_dacc.h.46.5ae4a5035dc78df5a5c17d9d1e76e633
                           .group:00000000 wm4.instance_acc.h.46.2e4a9cb4cb3a92c914800b95f627dc57
                           .group:00000000 wm4.instance_crccu.h.46.184237fe1c77c165bb334c02320f869e
                           .group:00000000 wm4.instance_matrix.h.46.d111ad2ca1e7198ed94a2e1213aa58a3
                           .group:00000000 wm4.instance_pmc.h.46.d5d037bdb46a612e424292373f68d9f8
                           .group:00000000 wm4.instance_uart0.h.46.dc252f382de697c23724fa503782af1d
                           .group:00000000 wm4.instance_chipid.h.46.8f77c51e2ab9edf7d26da8400aab7875
                           .group:00000000 wm4.instance_uart1.h.46.283c4a1cf98fcb8466ac9bceadb0b677
                           .group:00000000 wm4.instance_efc.h.46.9f291aa734b1cb8d75fd144e72f97e2b
                           .group:00000000 wm4.instance_pioa.h.46.cf0f81cda67dc3776fe52603ff60a82f
                           .group:00000000 wm4.instance_piob.h.46.fd1caa7213e73c46d15f69de6af123fb
                           .group:00000000 wm4.instance_rstc.h.46.cb75da875c2442dd75e5a8799bd32e87
                           .group:00000000 wm4.instance_supc.h.46.90f370dafc0bdfb8646ce68458e514e6
                           .group:00000000 wm4.instance_rtt.h.46.5758ae3574a477219b8abb8fe940acb4
                           .group:00000000 wm4.instance_wdt.h.46.b7fdc89b044099cb92c28a2f305b0c66
                           .group:00000000 wm4.instance_rtc.h.46.9d6ddf34c4ffdc6eec5effd1b6d4f045
                           .group:00000000 wm4.instance_gpbr.h.46.672198928bf79182f671b278dd185af8
                           .group:00000000 wm4.sam3s4b.h.317.e7cdc49d5fdc97b75252ee6763540354
                           .group:00000000 wm4.pio_sam3s4b.h.46.b91cb9b5c8fcc478a4299e5df5dba6ff
                           .group:00000000 wm4.sam3s4b.h.452.d371283092f6029dc967aa8f16a63977

NO UNDEFINED SYMBOLS
