   1              		.syntax unified
   2              		.cpu cortex-m3
   3              		.fpu softvfp
   4              		.eabi_attribute 20, 1
   5              		.eabi_attribute 21, 1
   6              		.eabi_attribute 23, 3
   7              		.eabi_attribute 24, 1
   8              		.eabi_attribute 25, 1
   9              		.eabi_attribute 26, 1
  10              		.eabi_attribute 30, 1
  11              		.eabi_attribute 34, 1
  12              		.eabi_attribute 18, 4
  13              		.thumb
  14              		.syntax unified
  15              		.file	"mdelay.c"
  16              		.text
  17              	.Ltext0:
  18              		.cfi_sections	.debug_frame
  19              		.section	.text.mdelay,"ax",%progbits
  20              		.align	2
  21              		.global	mdelay
  22              		.thumb
  23              		.thumb_func
  25              	mdelay:
  26              	.LFB0:
  27              		.file 1 "../src/mdelay.c"
   1:../src/mdelay.c **** 
   2:../src/mdelay.c **** #include "mdelay.h"
   3:../src/mdelay.c **** 
   4:../src/mdelay.c **** 
   5:../src/mdelay.c **** /** Global g_ul_ms_ticks in milliseconds since start of application */
   6:../src/mdelay.c **** // [main_var_ticks]
   7:../src/mdelay.c **** volatile uint32_t g_ul_ms_ticks = 0;
   8:../src/mdelay.c **** // [main_var_ticks]
   9:../src/mdelay.c **** 
  10:../src/mdelay.c **** /**
  11:../src/mdelay.c ****  * \brief Wait for the given number of milliseconds (using the g_ul_ms_ticks
  12:../src/mdelay.c ****  * generated by the SAM's microcontrollers's system tick).
  13:../src/mdelay.c ****  *
  14:../src/mdelay.c ****  * \param ul_dly_ticks  Delay to wait for, in milliseconds.
  15:../src/mdelay.c ****  */
  16:../src/mdelay.c **** // [main_ms_delay]
  17:../src/mdelay.c **** void mdelay(uint32_t ul_dly_ticks)
  18:../src/mdelay.c **** {
  28              		.loc 1 18 0
  29              		.cfi_startproc
  30              		@ args = 0, pretend = 0, frame = 0
  31              		@ frame_needed = 0, uses_anonymous_args = 0
  32              		@ link register save eliminated.
  33              	.LVL0:
  19:../src/mdelay.c **** 	uint32_t ul_cur_ticks;
  20:../src/mdelay.c **** 
  21:../src/mdelay.c **** 	ul_cur_ticks = g_ul_ms_ticks;
  34              		.loc 1 21 0
  35 0000 034B     		ldr	r3, .L3
  36 0002 1A68     		ldr	r2, [r3]
  37              	.LVL1:
  38              	.L2:
  22:../src/mdelay.c **** 	while ((g_ul_ms_ticks - ul_cur_ticks) < ul_dly_ticks);
  39              		.loc 1 22 0 discriminator 1
  40 0004 024B     		ldr	r3, .L3
  41 0006 1B68     		ldr	r3, [r3]
  42 0008 9B1A     		subs	r3, r3, r2
  43 000a 8342     		cmp	r3, r0
  44 000c FAD3     		bcc	.L2
  23:../src/mdelay.c **** }
  45              		.loc 1 23 0
  46 000e 7047     		bx	lr
  47              	.L4:
  48              		.align	2
  49              	.L3:
  50 0010 00000000 		.word	.LANCHOR0
  51              		.cfi_endproc
  52              	.LFE0:
  54              		.section	.text.SysTick_Handler,"ax",%progbits
  55              		.align	2
  56              		.global	SysTick_Handler
  57              		.thumb
  58              		.thumb_func
  60              	SysTick_Handler:
  61              	.LFB1:
  24:../src/mdelay.c **** // [main_ms_delay]
  25:../src/mdelay.c **** 
  26:../src/mdelay.c **** /**
  27:../src/mdelay.c ****  *  \brief Handler for System Tick interrupt.
  28:../src/mdelay.c ****  *
  29:../src/mdelay.c ****  *  Process System Tick Event
  30:../src/mdelay.c ****  *  Increments the g_ul_ms_ticks counter.
  31:../src/mdelay.c ****  */
  32:../src/mdelay.c **** // [main_systick_handler]
  33:../src/mdelay.c **** void SysTick_Handler(void)
  34:../src/mdelay.c **** {
  62              		.loc 1 34 0
  63              		.cfi_startproc
  64              		@ args = 0, pretend = 0, frame = 0
  65              		@ frame_needed = 0, uses_anonymous_args = 0
  66              		@ link register save eliminated.
  35:../src/mdelay.c **** 	g_ul_ms_ticks++;
  67              		.loc 1 35 0
  68 0000 024A     		ldr	r2, .L6
  69 0002 1368     		ldr	r3, [r2]
  70 0004 0133     		adds	r3, r3, #1
  71 0006 1360     		str	r3, [r2]
  72 0008 7047     		bx	lr
  73              	.L7:
  74 000a 00BF     		.align	2
  75              	.L6:
  76 000c 00000000 		.word	.LANCHOR0
  77              		.cfi_endproc
  78              	.LFE1:
  80              		.global	g_ul_ms_ticks
  81              		.section	.bss.g_ul_ms_ticks,"aw",%nobits
  82              		.align	2
  83              		.set	.LANCHOR0,. + 0
  86              	g_ul_ms_ticks:
  87 0000 00000000 		.space	4
  88              		.text
  89              	.Letext0:
  90              		.file 2 "/usr/local/gcc-arm-none-eabi-5_2-2015q4/arm-none-eabi/include/machine/_default_types.h"
  91              		.file 3 "/usr/local/gcc-arm-none-eabi-5_2-2015q4/arm-none-eabi/include/sys/_stdint.h"
DEFINED SYMBOLS
                            *ABS*:00000000 mdelay.c
     /tmp/ccjjxeWh.s:20     .text.mdelay:00000000 $t
     /tmp/ccjjxeWh.s:25     .text.mdelay:00000000 mdelay
     /tmp/ccjjxeWh.s:50     .text.mdelay:00000010 $d
     /tmp/ccjjxeWh.s:55     .text.SysTick_Handler:00000000 $t
     /tmp/ccjjxeWh.s:60     .text.SysTick_Handler:00000000 SysTick_Handler
     /tmp/ccjjxeWh.s:76     .text.SysTick_Handler:0000000c $d
     /tmp/ccjjxeWh.s:86     .bss.g_ul_ms_ticks:00000000 g_ul_ms_ticks
     /tmp/ccjjxeWh.s:82     .bss.g_ul_ms_ticks:00000000 $d
                     .debug_frame:00000010 $d
                           .group:00000000 wm4.0.22b0b12aa5a71f1d303bb4102a500f20
                           .group:00000000 wm4.features.h.22.2e382148a0560adabf236cddd4e880f4
                           .group:00000000 wm4._default_types.h.15.933e8edd27a65e0b69af4a865eb623d2
                           .group:00000000 wm4._intsup.h.10.b82bf99f69d6a5c085fc866de0d3eb9b
                           .group:00000000 wm4._stdint.h.10.f76354baea1c7088202064e6f3d4f5e3
                           .group:00000000 wm4.stdint.h.23.373a9d32a9e4c2e88fd347156532d281

NO UNDEFINED SYMBOLS
